<?xml version="1.0" encoding="UTF-8"?>
<testsuite xmlns:xsi="http://www.w3.org/2001/XMLSchema-instance" xsi:noNamespaceSchemaLocation="https://maven.apache.org/surefire/maven-surefire-plugin/xsd/surefire-test-report.xsd" name="cn.scbc.servicevideouploadapi.ServiceVideoUploadApiApplicationTests" time="3.527" tests="1" errors="0" skipped="0" failures="0">
  <properties>
    <property name="socksProxyHost" value="127.0.0.1"/>
    <property name="http.proxyHost" value="127.0.0.1"/>
    <property name="java.specification.version" value="15"/>
    <property name="sun.jnu.encoding" value="UTF-8"/>
    <property name="java.class.path" value="/Users/lemt/Desktop/design competition/mycinema/service-video-upload-api/target/test-classes:/Users/lemt/Desktop/design competition/mycinema/service-video-upload-api/target/classes:/Users/lemt/.m2/repository/net/devh/grpc-client-spring-boot-starter/2.13.1.RELEASE/grpc-client-spring-boot-starter-2.13.1.RELEASE.jar:/Users/lemt/.m2/repository/net/devh/grpc-client-spring-boot-autoconfigure/2.13.1.RELEASE/grpc-client-spring-boot-autoconfigure-2.13.1.RELEASE.jar:/Users/lemt/.m2/repository/net/devh/grpc-common-spring-boot/2.13.1.RELEASE/grpc-common-spring-boot-2.13.1.RELEASE.jar:/Users/lemt/.m2/repository/io/grpc/grpc-core/1.42.2/grpc-core-1.42.2.jar:/Users/lemt/.m2/repository/com/google/code/gson/gson/2.8.9/gson-2.8.9.jar:/Users/lemt/.m2/repository/com/google/android/annotations/4.1.1.4/annotations-4.1.1.4.jar:/Users/lemt/.m2/repository/org/codehaus/mojo/animal-sniffer-annotations/1.19/animal-sniffer-annotations-1.19.jar:/Users/lemt/.m2/repository/io/grpc/grpc-netty-shaded/1.42.2/grpc-netty-shaded-1.42.2.jar:/Users/lemt/.m2/repository/com/google/guava/guava/30.1.1-android/guava-30.1.1-android.jar:/Users/lemt/.m2/repository/com/google/guava/failureaccess/1.0.1/failureaccess-1.0.1.jar:/Users/lemt/.m2/repository/com/google/guava/listenablefuture/9999.0-empty-to-avoid-conflict-with-guava/listenablefuture-9999.0-empty-to-avoid-conflict-with-guava.jar:/Users/lemt/.m2/repository/org/checkerframework/checker-compat-qual/2.5.5/checker-compat-qual-2.5.5.jar:/Users/lemt/.m2/repository/com/google/j2objc/j2objc-annotations/1.3/j2objc-annotations-1.3.jar:/Users/lemt/.m2/repository/com/google/errorprone/error_prone_annotations/2.9.0/error_prone_annotations-2.9.0.jar:/Users/lemt/.m2/repository/io/perfmark/perfmark-api/0.23.0/perfmark-api-0.23.0.jar:/Users/lemt/.m2/repository/io/grpc/grpc-protobuf/1.42.2/grpc-protobuf-1.42.2.jar:/Users/lemt/.m2/repository/io/grpc/grpc-api/1.42.2/grpc-api-1.42.2.jar:/Users/lemt/.m2/repository/io/grpc/grpc-context/1.42.2/grpc-context-1.42.2.jar:/Users/lemt/.m2/repository/com/google/code/findbugs/jsr305/3.0.2/jsr305-3.0.2.jar:/Users/lemt/.m2/repository/com/google/protobuf/protobuf-java/3.18.2/protobuf-java-3.18.2.jar:/Users/lemt/.m2/repository/com/google/api/grpc/proto-google-common-protos/2.0.1/proto-google-common-protos-2.0.1.jar:/Users/lemt/.m2/repository/io/grpc/grpc-protobuf-lite/1.42.2/grpc-protobuf-lite-1.42.2.jar:/Users/lemt/.m2/repository/io/grpc/grpc-stub/1.42.2/grpc-stub-1.42.2.jar:/Users/lemt/.m2/repository/org/springframework/spring-aop/5.3.16/spring-aop-5.3.16.jar:/Users/lemt/.m2/repository/org/springframework/spring-beans/5.3.15/spring-beans-5.3.15.jar:/Users/lemt/.m2/repository/org/springframework/spring-core/5.3.15/spring-core-5.3.15.jar:/Users/lemt/.m2/repository/org/springframework/spring-jcl/5.3.15/spring-jcl-5.3.15.jar:/Users/lemt/.m2/repository/org/aspectj/aspectjweaver/1.9.8/aspectjweaver-1.9.8.jar:/Users/lemt/.m2/repository/com/fasterxml/uuid/java-uuid-generator/4.0.1/java-uuid-generator-4.0.1.jar:/Users/lemt/.m2/repository/org/slf4j/slf4j-api/1.7.33/slf4j-api-1.7.33.jar:/Users/lemt/.m2/repository/org/springframework/boot/spring-boot-starter-web/2.6.4/spring-boot-starter-web-2.6.4.jar:/Users/lemt/.m2/repository/org/springframework/boot/spring-boot-starter/2.6.3/spring-boot-starter-2.6.3.jar:/Users/lemt/.m2/repository/org/springframework/boot/spring-boot/2.6.3/spring-boot-2.6.3.jar:/Users/lemt/.m2/repository/org/springframework/boot/spring-boot-starter-logging/2.6.3/spring-boot-starter-logging-2.6.3.jar:/Users/lemt/.m2/repository/ch/qos/logback/logback-classic/1.2.10/logback-classic-1.2.10.jar:/Users/lemt/.m2/repository/ch/qos/logback/logback-core/1.2.10/logback-core-1.2.10.jar:/Users/lemt/.m2/repository/org/apache/logging/log4j/log4j-to-slf4j/2.17.1/log4j-to-slf4j-2.17.1.jar:/Users/lemt/.m2/repository/org/apache/logging/log4j/log4j-api/2.17.1/log4j-api-2.17.1.jar:/Users/lemt/.m2/repository/org/slf4j/jul-to-slf4j/1.7.33/jul-to-slf4j-1.7.33.jar:/Users/lemt/.m2/repository/org/yaml/snakeyaml/1.29/snakeyaml-1.29.jar:/Users/lemt/.m2/repository/org/springframework/boot/spring-boot-starter-json/2.6.3/spring-boot-starter-json-2.6.3.jar:/Users/lemt/.m2/repository/com/fasterxml/jackson/core/jackson-databind/2.13.1/jackson-databind-2.13.1.jar:/Users/lemt/.m2/repository/com/fasterxml/jackson/core/jackson-annotations/2.13.1/jackson-annotations-2.13.1.jar:/Users/lemt/.m2/repository/com/fasterxml/jackson/core/jackson-core/2.13.1/jackson-core-2.13.1.jar:/Users/lemt/.m2/repository/com/fasterxml/jackson/datatype/jackson-datatype-jdk8/2.13.1/jackson-datatype-jdk8-2.13.1.jar:/Users/lemt/.m2/repository/com/fasterxml/jackson/datatype/jackson-datatype-jsr310/2.13.1/jackson-datatype-jsr310-2.13.1.jar:/Users/lemt/.m2/repository/com/fasterxml/jackson/module/jackson-module-parameter-names/2.13.1/jackson-module-parameter-names-2.13.1.jar:/Users/lemt/.m2/repository/org/springframework/boot/spring-boot-starter-tomcat/2.6.3/spring-boot-starter-tomcat-2.6.3.jar:/Users/lemt/.m2/repository/org/apache/tomcat/embed/tomcat-embed-core/9.0.56/tomcat-embed-core-9.0.56.jar:/Users/lemt/.m2/repository/org/apache/tomcat/embed/tomcat-embed-el/9.0.56/tomcat-embed-el-9.0.56.jar:/Users/lemt/.m2/repository/org/apache/tomcat/embed/tomcat-embed-websocket/9.0.56/tomcat-embed-websocket-9.0.56.jar:/Users/lemt/.m2/repository/org/springframework/spring-web/5.3.15/spring-web-5.3.15.jar:/Users/lemt/.m2/repository/org/springframework/spring-webmvc/5.3.15/spring-webmvc-5.3.15.jar:/Users/lemt/.m2/repository/org/springframework/spring-context/5.3.15/spring-context-5.3.15.jar:/Users/lemt/.m2/repository/org/springframework/spring-expression/5.3.15/spring-expression-5.3.15.jar:/Users/lemt/.m2/repository/org/mybatis/spring/boot/mybatis-spring-boot-starter/2.2.2/mybatis-spring-boot-starter-2.2.2.jar:/Users/lemt/.m2/repository/org/springframework/boot/spring-boot-starter-jdbc/2.6.3/spring-boot-starter-jdbc-2.6.3.jar:/Users/lemt/.m2/repository/com/zaxxer/HikariCP/4.0.3/HikariCP-4.0.3.jar:/Users/lemt/.m2/repository/org/springframework/spring-jdbc/5.3.15/spring-jdbc-5.3.15.jar:/Users/lemt/.m2/repository/org/mybatis/spring/boot/mybatis-spring-boot-autoconfigure/2.2.2/mybatis-spring-boot-autoconfigure-2.2.2.jar:/Users/lemt/.m2/repository/org/mybatis/mybatis/3.5.9/mybatis-3.5.9.jar:/Users/lemt/.m2/repository/org/mybatis/mybatis-spring/2.0.7/mybatis-spring-2.0.7.jar:/Users/lemt/.m2/repository/com/alibaba/druid-spring-boot-starter/1.2.8/druid-spring-boot-starter-1.2.8.jar:/Users/lemt/.m2/repository/com/alibaba/druid/1.2.8/druid-1.2.8.jar:/Users/lemt/.m2/repository/javax/annotation/javax.annotation-api/1.3.2/javax.annotation-api-1.3.2.jar:/Users/lemt/.m2/repository/org/springframework/boot/spring-boot-autoconfigure/2.6.3/spring-boot-autoconfigure-2.6.3.jar:/Users/lemt/.m2/repository/org/springframework/boot/spring-boot-starter-data-redis/2.6.3/spring-boot-starter-data-redis-2.6.3.jar:/Users/lemt/.m2/repository/org/springframework/data/spring-data-redis/2.6.1/spring-data-redis-2.6.1.jar:/Users/lemt/.m2/repository/org/springframework/data/spring-data-keyvalue/2.6.1/spring-data-keyvalue-2.6.1.jar:/Users/lemt/.m2/repository/org/springframework/data/spring-data-commons/2.6.1/spring-data-commons-2.6.1.jar:/Users/lemt/.m2/repository/org/springframework/spring-tx/5.3.15/spring-tx-5.3.15.jar:/Users/lemt/.m2/repository/org/springframework/spring-oxm/5.3.15/spring-oxm-5.3.15.jar:/Users/lemt/.m2/repository/org/springframework/spring-context-support/5.3.15/spring-context-support-5.3.15.jar:/Users/lemt/.m2/repository/io/lettuce/lettuce-core/6.1.6.RELEASE/lettuce-core-6.1.6.RELEASE.jar:/Users/lemt/.m2/repository/io/netty/netty-common/4.1.73.Final/netty-common-4.1.73.Final.jar:/Users/lemt/.m2/repository/io/netty/netty-handler/4.1.73.Final/netty-handler-4.1.73.Final.jar:/Users/lemt/.m2/repository/io/netty/netty-resolver/4.1.73.Final/netty-resolver-4.1.73.Final.jar:/Users/lemt/.m2/repository/io/netty/netty-buffer/4.1.73.Final/netty-buffer-4.1.73.Final.jar:/Users/lemt/.m2/repository/io/netty/netty-codec/4.1.73.Final/netty-codec-4.1.73.Final.jar:/Users/lemt/.m2/repository/io/netty/netty-tcnative-classes/2.0.46.Final/netty-tcnative-classes-2.0.46.Final.jar:/Users/lemt/.m2/repository/io/netty/netty-transport/4.1.73.Final/netty-transport-4.1.73.Final.jar:/Users/lemt/.m2/repository/io/projectreactor/reactor-core/3.4.14/reactor-core-3.4.14.jar:/Users/lemt/.m2/repository/org/reactivestreams/reactive-streams/1.0.3/reactive-streams-1.0.3.jar:/Users/lemt/.m2/repository/com/alibaba/fastjson/1.2.80/fastjson-1.2.80.jar:/Users/lemt/.m2/repository/mysql/mysql-connector-java/8.0.28/mysql-connector-java-8.0.28.jar:/Users/lemt/.m2/repository/org/mybatis/generator/mybatis-generator-core/1.4.1/mybatis-generator-core-1.4.1.jar:/Users/lemt/.m2/repository/jakarta/annotation/jakarta.annotation-api/1.3.5/jakarta.annotation-api-1.3.5.jar:/Users/lemt/.m2/repository/org/springframework/boot/spring-boot-starter-test/2.6.3/spring-boot-starter-test-2.6.3.jar:/Users/lemt/.m2/repository/org/springframework/boot/spring-boot-test/2.6.3/spring-boot-test-2.6.3.jar:/Users/lemt/.m2/repository/org/springframework/boot/spring-boot-test-autoconfigure/2.6.3/spring-boot-test-autoconfigure-2.6.3.jar:/Users/lemt/.m2/repository/com/jayway/jsonpath/json-path/2.6.0/json-path-2.6.0.jar:/Users/lemt/.m2/repository/net/minidev/json-smart/2.4.7/json-smart-2.4.7.jar:/Users/lemt/.m2/repository/net/minidev/accessors-smart/2.4.7/accessors-smart-2.4.7.jar:/Users/lemt/.m2/repository/org/ow2/asm/asm/9.1/asm-9.1.jar:/Users/lemt/.m2/repository/jakarta/xml/bind/jakarta.xml.bind-api/2.3.3/jakarta.xml.bind-api-2.3.3.jar:/Users/lemt/.m2/repository/jakarta/activation/jakarta.activation-api/1.2.2/jakarta.activation-api-1.2.2.jar:/Users/lemt/.m2/repository/org/assertj/assertj-core/3.21.0/assertj-core-3.21.0.jar:/Users/lemt/.m2/repository/org/hamcrest/hamcrest/2.2/hamcrest-2.2.jar:/Users/lemt/.m2/repository/org/junit/jupiter/junit-jupiter/5.8.2/junit-jupiter-5.8.2.jar:/Users/lemt/.m2/repository/org/junit/jupiter/junit-jupiter-api/5.8.2/junit-jupiter-api-5.8.2.jar:/Users/lemt/.m2/repository/org/opentest4j/opentest4j/1.2.0/opentest4j-1.2.0.jar:/Users/lemt/.m2/repository/org/junit/platform/junit-platform-commons/1.8.2/junit-platform-commons-1.8.2.jar:/Users/lemt/.m2/repository/org/apiguardian/apiguardian-api/1.1.2/apiguardian-api-1.1.2.jar:/Users/lemt/.m2/repository/org/junit/jupiter/junit-jupiter-params/5.8.2/junit-jupiter-params-5.8.2.jar:/Users/lemt/.m2/repository/org/junit/jupiter/junit-jupiter-engine/5.8.2/junit-jupiter-engine-5.8.2.jar:/Users/lemt/.m2/repository/org/junit/platform/junit-platform-engine/1.8.2/junit-platform-engine-1.8.2.jar:/Users/lemt/.m2/repository/org/mockito/mockito-core/4.0.0/mockito-core-4.0.0.jar:/Users/lemt/.m2/repository/net/bytebuddy/byte-buddy/1.11.22/byte-buddy-1.11.22.jar:/Users/lemt/.m2/repository/net/bytebuddy/byte-buddy-agent/1.11.22/byte-buddy-agent-1.11.22.jar:/Users/lemt/.m2/repository/org/objenesis/objenesis/3.2/objenesis-3.2.jar:/Users/lemt/.m2/repository/org/mockito/mockito-junit-jupiter/4.0.0/mockito-junit-jupiter-4.0.0.jar:/Users/lemt/.m2/repository/org/skyscreamer/jsonassert/1.5.0/jsonassert-1.5.0.jar:/Users/lemt/.m2/repository/com/vaadin/external/google/android-json/0.0.20131108.vaadin1/android-json-0.0.20131108.vaadin1.jar:/Users/lemt/.m2/repository/org/springframework/spring-test/5.3.15/spring-test-5.3.15.jar:/Users/lemt/.m2/repository/org/xmlunit/xmlunit-core/2.8.4/xmlunit-core-2.8.4.jar:/Users/lemt/.m2/repository/javax/inject/javax.inject/1/javax.inject-1.jar:"/>
    <property name="https.proxyPort" value="4780"/>
    <property name="java.vm.vendor" value="Oracle Corporation"/>
    <property name="sun.arch.data.model" value="64"/>
    <property name="java.vendor.url" value="https://java.oracle.com/"/>
    <property name="os.name" value="Mac OS X"/>
    <property name="java.vm.specification.version" value="15"/>
    <property name="sun.java.launcher" value="SUN_STANDARD"/>
    <property name="user.country" value="CN"/>
    <property name="sun.boot.library.path" value="/Users/lemt/Library/Java/JavaVirtualMachines/openjdk-15.0.1/Contents/Home/lib"/>
    <property name="sun.java.command" value="/Users/lemt/Desktop/design competition/mycinema/service-video-upload-api/target/surefire/surefirebooter2525009806598402399.jar /Users/lemt/Desktop/design competition/mycinema/service-video-upload-api/target/surefire 2022-04-20T01-31-30_641-jvmRun1 surefire1796967787608218529tmp surefire_012938299776122109477tmp"/>
    <property name="http.nonProxyHosts" value="192.168.0.0/16|*.192.168.0.0/16|10.0.0.0/8|*.10.0.0.0/8|172.16.0.0/12|*.172.16.0.0/12|127.0.0.1|localhost|*.localhost|local|*.local"/>
    <property name="jdk.debug" value="release"/>
    <property name="surefire.test.class.path" value="/Users/lemt/Desktop/design competition/mycinema/service-video-upload-api/target/test-classes:/Users/lemt/Desktop/design competition/mycinema/service-video-upload-api/target/classes:/Users/lemt/.m2/repository/net/devh/grpc-client-spring-boot-starter/2.13.1.RELEASE/grpc-client-spring-boot-starter-2.13.1.RELEASE.jar:/Users/lemt/.m2/repository/net/devh/grpc-client-spring-boot-autoconfigure/2.13.1.RELEASE/grpc-client-spring-boot-autoconfigure-2.13.1.RELEASE.jar:/Users/lemt/.m2/repository/net/devh/grpc-common-spring-boot/2.13.1.RELEASE/grpc-common-spring-boot-2.13.1.RELEASE.jar:/Users/lemt/.m2/repository/io/grpc/grpc-core/1.42.2/grpc-core-1.42.2.jar:/Users/lemt/.m2/repository/com/google/code/gson/gson/2.8.9/gson-2.8.9.jar:/Users/lemt/.m2/repository/com/google/android/annotations/4.1.1.4/annotations-4.1.1.4.jar:/Users/lemt/.m2/repository/org/codehaus/mojo/animal-sniffer-annotations/1.19/animal-sniffer-annotations-1.19.jar:/Users/lemt/.m2/repository/io/grpc/grpc-netty-shaded/1.42.2/grpc-netty-shaded-1.42.2.jar:/Users/lemt/.m2/repository/com/google/guava/guava/30.1.1-android/guava-30.1.1-android.jar:/Users/lemt/.m2/repository/com/google/guava/failureaccess/1.0.1/failureaccess-1.0.1.jar:/Users/lemt/.m2/repository/com/google/guava/listenablefuture/9999.0-empty-to-avoid-conflict-with-guava/listenablefuture-9999.0-empty-to-avoid-conflict-with-guava.jar:/Users/lemt/.m2/repository/org/checkerframework/checker-compat-qual/2.5.5/checker-compat-qual-2.5.5.jar:/Users/lemt/.m2/repository/com/google/j2objc/j2objc-annotations/1.3/j2objc-annotations-1.3.jar:/Users/lemt/.m2/repository/com/google/errorprone/error_prone_annotations/2.9.0/error_prone_annotations-2.9.0.jar:/Users/lemt/.m2/repository/io/perfmark/perfmark-api/0.23.0/perfmark-api-0.23.0.jar:/Users/lemt/.m2/repository/io/grpc/grpc-protobuf/1.42.2/grpc-protobuf-1.42.2.jar:/Users/lemt/.m2/repository/io/grpc/grpc-api/1.42.2/grpc-api-1.42.2.jar:/Users/lemt/.m2/repository/io/grpc/grpc-context/1.42.2/grpc-context-1.42.2.jar:/Users/lemt/.m2/repository/com/google/code/findbugs/jsr305/3.0.2/jsr305-3.0.2.jar:/Users/lemt/.m2/repository/com/google/protobuf/protobuf-java/3.18.2/protobuf-java-3.18.2.jar:/Users/lemt/.m2/repository/com/google/api/grpc/proto-google-common-protos/2.0.1/proto-google-common-protos-2.0.1.jar:/Users/lemt/.m2/repository/io/grpc/grpc-protobuf-lite/1.42.2/grpc-protobuf-lite-1.42.2.jar:/Users/lemt/.m2/repository/io/grpc/grpc-stub/1.42.2/grpc-stub-1.42.2.jar:/Users/lemt/.m2/repository/org/springframework/spring-aop/5.3.16/spring-aop-5.3.16.jar:/Users/lemt/.m2/repository/org/springframework/spring-beans/5.3.15/spring-beans-5.3.15.jar:/Users/lemt/.m2/repository/org/springframework/spring-core/5.3.15/spring-core-5.3.15.jar:/Users/lemt/.m2/repository/org/springframework/spring-jcl/5.3.15/spring-jcl-5.3.15.jar:/Users/lemt/.m2/repository/org/aspectj/aspectjweaver/1.9.8/aspectjweaver-1.9.8.jar:/Users/lemt/.m2/repository/com/fasterxml/uuid/java-uuid-generator/4.0.1/java-uuid-generator-4.0.1.jar:/Users/lemt/.m2/repository/org/slf4j/slf4j-api/1.7.33/slf4j-api-1.7.33.jar:/Users/lemt/.m2/repository/org/springframework/boot/spring-boot-starter-web/2.6.4/spring-boot-starter-web-2.6.4.jar:/Users/lemt/.m2/repository/org/springframework/boot/spring-boot-starter/2.6.3/spring-boot-starter-2.6.3.jar:/Users/lemt/.m2/repository/org/springframework/boot/spring-boot/2.6.3/spring-boot-2.6.3.jar:/Users/lemt/.m2/repository/org/springframework/boot/spring-boot-starter-logging/2.6.3/spring-boot-starter-logging-2.6.3.jar:/Users/lemt/.m2/repository/ch/qos/logback/logback-classic/1.2.10/logback-classic-1.2.10.jar:/Users/lemt/.m2/repository/ch/qos/logback/logback-core/1.2.10/logback-core-1.2.10.jar:/Users/lemt/.m2/repository/org/apache/logging/log4j/log4j-to-slf4j/2.17.1/log4j-to-slf4j-2.17.1.jar:/Users/lemt/.m2/repository/org/apache/logging/log4j/log4j-api/2.17.1/log4j-api-2.17.1.jar:/Users/lemt/.m2/repository/org/slf4j/jul-to-slf4j/1.7.33/jul-to-slf4j-1.7.33.jar:/Users/lemt/.m2/repository/org/yaml/snakeyaml/1.29/snakeyaml-1.29.jar:/Users/lemt/.m2/repository/org/springframework/boot/spring-boot-starter-json/2.6.3/spring-boot-starter-json-2.6.3.jar:/Users/lemt/.m2/repository/com/fasterxml/jackson/core/jackson-databind/2.13.1/jackson-databind-2.13.1.jar:/Users/lemt/.m2/repository/com/fasterxml/jackson/core/jackson-annotations/2.13.1/jackson-annotations-2.13.1.jar:/Users/lemt/.m2/repository/com/fasterxml/jackson/core/jackson-core/2.13.1/jackson-core-2.13.1.jar:/Users/lemt/.m2/repository/com/fasterxml/jackson/datatype/jackson-datatype-jdk8/2.13.1/jackson-datatype-jdk8-2.13.1.jar:/Users/lemt/.m2/repository/com/fasterxml/jackson/datatype/jackson-datatype-jsr310/2.13.1/jackson-datatype-jsr310-2.13.1.jar:/Users/lemt/.m2/repository/com/fasterxml/jackson/module/jackson-module-parameter-names/2.13.1/jackson-module-parameter-names-2.13.1.jar:/Users/lemt/.m2/repository/org/springframework/boot/spring-boot-starter-tomcat/2.6.3/spring-boot-starter-tomcat-2.6.3.jar:/Users/lemt/.m2/repository/org/apache/tomcat/embed/tomcat-embed-core/9.0.56/tomcat-embed-core-9.0.56.jar:/Users/lemt/.m2/repository/org/apache/tomcat/embed/tomcat-embed-el/9.0.56/tomcat-embed-el-9.0.56.jar:/Users/lemt/.m2/repository/org/apache/tomcat/embed/tomcat-embed-websocket/9.0.56/tomcat-embed-websocket-9.0.56.jar:/Users/lemt/.m2/repository/org/springframework/spring-web/5.3.15/spring-web-5.3.15.jar:/Users/lemt/.m2/repository/org/springframework/spring-webmvc/5.3.15/spring-webmvc-5.3.15.jar:/Users/lemt/.m2/repository/org/springframework/spring-context/5.3.15/spring-context-5.3.15.jar:/Users/lemt/.m2/repository/org/springframework/spring-expression/5.3.15/spring-expression-5.3.15.jar:/Users/lemt/.m2/repository/org/mybatis/spring/boot/mybatis-spring-boot-starter/2.2.2/mybatis-spring-boot-starter-2.2.2.jar:/Users/lemt/.m2/repository/org/springframework/boot/spring-boot-starter-jdbc/2.6.3/spring-boot-starter-jdbc-2.6.3.jar:/Users/lemt/.m2/repository/com/zaxxer/HikariCP/4.0.3/HikariCP-4.0.3.jar:/Users/lemt/.m2/repository/org/springframework/spring-jdbc/5.3.15/spring-jdbc-5.3.15.jar:/Users/lemt/.m2/repository/org/mybatis/spring/boot/mybatis-spring-boot-autoconfigure/2.2.2/mybatis-spring-boot-autoconfigure-2.2.2.jar:/Users/lemt/.m2/repository/org/mybatis/mybatis/3.5.9/mybatis-3.5.9.jar:/Users/lemt/.m2/repository/org/mybatis/mybatis-spring/2.0.7/mybatis-spring-2.0.7.jar:/Users/lemt/.m2/repository/com/alibaba/druid-spring-boot-starter/1.2.8/druid-spring-boot-starter-1.2.8.jar:/Users/lemt/.m2/repository/com/alibaba/druid/1.2.8/druid-1.2.8.jar:/Users/lemt/.m2/repository/javax/annotation/javax.annotation-api/1.3.2/javax.annotation-api-1.3.2.jar:/Users/lemt/.m2/repository/org/springframework/boot/spring-boot-autoconfigure/2.6.3/spring-boot-autoconfigure-2.6.3.jar:/Users/lemt/.m2/repository/org/springframework/boot/spring-boot-starter-data-redis/2.6.3/spring-boot-starter-data-redis-2.6.3.jar:/Users/lemt/.m2/repository/org/springframework/data/spring-data-redis/2.6.1/spring-data-redis-2.6.1.jar:/Users/lemt/.m2/repository/org/springframework/data/spring-data-keyvalue/2.6.1/spring-data-keyvalue-2.6.1.jar:/Users/lemt/.m2/repository/org/springframework/data/spring-data-commons/2.6.1/spring-data-commons-2.6.1.jar:/Users/lemt/.m2/repository/org/springframework/spring-tx/5.3.15/spring-tx-5.3.15.jar:/Users/lemt/.m2/repository/org/springframework/spring-oxm/5.3.15/spring-oxm-5.3.15.jar:/Users/lemt/.m2/repository/org/springframework/spring-context-support/5.3.15/spring-context-support-5.3.15.jar:/Users/lemt/.m2/repository/io/lettuce/lettuce-core/6.1.6.RELEASE/lettuce-core-6.1.6.RELEASE.jar:/Users/lemt/.m2/repository/io/netty/netty-common/4.1.73.Final/netty-common-4.1.73.Final.jar:/Users/lemt/.m2/repository/io/netty/netty-handler/4.1.73.Final/netty-handler-4.1.73.Final.jar:/Users/lemt/.m2/repository/io/netty/netty-resolver/4.1.73.Final/netty-resolver-4.1.73.Final.jar:/Users/lemt/.m2/repository/io/netty/netty-buffer/4.1.73.Final/netty-buffer-4.1.73.Final.jar:/Users/lemt/.m2/repository/io/netty/netty-codec/4.1.73.Final/netty-codec-4.1.73.Final.jar:/Users/lemt/.m2/repository/io/netty/netty-tcnative-classes/2.0.46.Final/netty-tcnative-classes-2.0.46.Final.jar:/Users/lemt/.m2/repository/io/netty/netty-transport/4.1.73.Final/netty-transport-4.1.73.Final.jar:/Users/lemt/.m2/repository/io/projectreactor/reactor-core/3.4.14/reactor-core-3.4.14.jar:/Users/lemt/.m2/repository/org/reactivestreams/reactive-streams/1.0.3/reactive-streams-1.0.3.jar:/Users/lemt/.m2/repository/com/alibaba/fastjson/1.2.80/fastjson-1.2.80.jar:/Users/lemt/.m2/repository/mysql/mysql-connector-java/8.0.28/mysql-connector-java-8.0.28.jar:/Users/lemt/.m2/repository/org/mybatis/generator/mybatis-generator-core/1.4.1/mybatis-generator-core-1.4.1.jar:/Users/lemt/.m2/repository/jakarta/annotation/jakarta.annotation-api/1.3.5/jakarta.annotation-api-1.3.5.jar:/Users/lemt/.m2/repository/org/springframework/boot/spring-boot-starter-test/2.6.3/spring-boot-starter-test-2.6.3.jar:/Users/lemt/.m2/repository/org/springframework/boot/spring-boot-test/2.6.3/spring-boot-test-2.6.3.jar:/Users/lemt/.m2/repository/org/springframework/boot/spring-boot-test-autoconfigure/2.6.3/spring-boot-test-autoconfigure-2.6.3.jar:/Users/lemt/.m2/repository/com/jayway/jsonpath/json-path/2.6.0/json-path-2.6.0.jar:/Users/lemt/.m2/repository/net/minidev/json-smart/2.4.7/json-smart-2.4.7.jar:/Users/lemt/.m2/repository/net/minidev/accessors-smart/2.4.7/accessors-smart-2.4.7.jar:/Users/lemt/.m2/repository/org/ow2/asm/asm/9.1/asm-9.1.jar:/Users/lemt/.m2/repository/jakarta/xml/bind/jakarta.xml.bind-api/2.3.3/jakarta.xml.bind-api-2.3.3.jar:/Users/lemt/.m2/repository/jakarta/activation/jakarta.activation-api/1.2.2/jakarta.activation-api-1.2.2.jar:/Users/lemt/.m2/repository/org/assertj/assertj-core/3.21.0/assertj-core-3.21.0.jar:/Users/lemt/.m2/repository/org/hamcrest/hamcrest/2.2/hamcrest-2.2.jar:/Users/lemt/.m2/repository/org/junit/jupiter/junit-jupiter/5.8.2/junit-jupiter-5.8.2.jar:/Users/lemt/.m2/repository/org/junit/jupiter/junit-jupiter-api/5.8.2/junit-jupiter-api-5.8.2.jar:/Users/lemt/.m2/repository/org/opentest4j/opentest4j/1.2.0/opentest4j-1.2.0.jar:/Users/lemt/.m2/repository/org/junit/platform/junit-platform-commons/1.8.2/junit-platform-commons-1.8.2.jar:/Users/lemt/.m2/repository/org/apiguardian/apiguardian-api/1.1.2/apiguardian-api-1.1.2.jar:/Users/lemt/.m2/repository/org/junit/jupiter/junit-jupiter-params/5.8.2/junit-jupiter-params-5.8.2.jar:/Users/lemt/.m2/repository/org/junit/jupiter/junit-jupiter-engine/5.8.2/junit-jupiter-engine-5.8.2.jar:/Users/lemt/.m2/repository/org/junit/platform/junit-platform-engine/1.8.2/junit-platform-engine-1.8.2.jar:/Users/lemt/.m2/repository/org/mockito/mockito-core/4.0.0/mockito-core-4.0.0.jar:/Users/lemt/.m2/repository/net/bytebuddy/byte-buddy/1.11.22/byte-buddy-1.11.22.jar:/Users/lemt/.m2/repository/net/bytebuddy/byte-buddy-agent/1.11.22/byte-buddy-agent-1.11.22.jar:/Users/lemt/.m2/repository/org/objenesis/objenesis/3.2/objenesis-3.2.jar:/Users/lemt/.m2/repository/org/mockito/mockito-junit-jupiter/4.0.0/mockito-junit-jupiter-4.0.0.jar:/Users/lemt/.m2/repository/org/skyscreamer/jsonassert/1.5.0/jsonassert-1.5.0.jar:/Users/lemt/.m2/repository/com/vaadin/external/google/android-json/0.0.20131108.vaadin1/android-json-0.0.20131108.vaadin1.jar:/Users/lemt/.m2/repository/org/springframework/spring-test/5.3.15/spring-test-5.3.15.jar:/Users/lemt/.m2/repository/org/xmlunit/xmlunit-core/2.8.4/xmlunit-core-2.8.4.jar:/Users/lemt/.m2/repository/javax/inject/javax.inject/1/javax.inject-1.jar:"/>
    <property name="sun.cpu.endian" value="little"/>
    <property name="user.home" value="/Users/lemt"/>
    <property name="user.language" value="zh"/>
    <property name="java.specification.vendor" value="Oracle Corporation"/>
    <property name="java.version.date" value="2020-10-20"/>
    <property name="java.home" value="/Users/lemt/Library/Java/JavaVirtualMachines/openjdk-15.0.1/Contents/Home"/>
    <property name="file.separator" value="/"/>
    <property name="https.proxyHost" value="127.0.0.1"/>
    <property name="basedir" value="/Users/lemt/Desktop/design competition/mycinema/service-video-upload-api"/>
    <property name="java.vm.compressedOopsMode" value="Zero based"/>
    <property name="line.separator" value="&#10;"/>
    <property name="java.vm.specification.vendor" value="Oracle Corporation"/>
    <property name="java.specification.name" value="Java Platform API Specification"/>
    <property name="surefire.real.class.path" value="/Users/lemt/Desktop/design competition/mycinema/service-video-upload-api/target/surefire/surefirebooter2525009806598402399.jar"/>
    <property name="user.script" value="Hans"/>
    <property name="sun.management.compiler" value="HotSpot 64-Bit Tiered Compilers"/>
    <property name="ftp.nonProxyHosts" value="192.168.0.0/16|*.192.168.0.0/16|10.0.0.0/8|*.10.0.0.0/8|172.16.0.0/12|*.172.16.0.0/12|127.0.0.1|localhost|*.localhost|local|*.local"/>
    <property name="java.runtime.version" value="15.0.1+9-18"/>
    <property name="user.name" value="lemt"/>
    <property name="path.separator" value=":"/>
    <property name="os.version" value="10.16"/>
    <property name="java.runtime.name" value="OpenJDK Runtime Environment"/>
    <property name="file.encoding" value="UTF-8"/>
    <property name="java.vm.name" value="OpenJDK 64-Bit Server VM"/>
    <property name="localRepository" value="/Users/lemt/.m2/repository"/>
    <property name="java.vendor.url.bug" value="https://bugreport.java.com/bugreport/"/>
    <property name="java.io.tmpdir" value="/var/folders/l2/2d1j4kd958bf6cyjrsyxhkw80000gn/T/"/>
    <property name="idea.version" value="2021.3.3"/>
    <property name="java.version" value="15.0.1"/>
    <property name="user.dir" value="/Users/lemt/Desktop/design competition/mycinema/service-video-upload-api"/>
    <property name="os.arch" value="x86_64"/>
    <property name="socksProxyPort" value="4781"/>
    <property name="java.vm.specification.name" value="Java Virtual Machine Specification"/>
    <property name="java.library.path" value="/Users/lemt/Library/Java/Extensions:/Library/Java/Extensions:/Network/Library/Java/Extensions:/System/Library/Java/Extensions:/usr/lib/java:."/>
    <property name="java.vm.info" value="mixed mode, sharing"/>
    <property name="java.vendor" value="Oracle Corporation"/>
    <property name="java.vm.version" value="15.0.1+9-18"/>
    <property name="sun.io.unicode.encoding" value="UnicodeBig"/>
    <property name="socksNonProxyHosts" value="192.168.0.0/16|*.192.168.0.0/16|10.0.0.0/8|*.10.0.0.0/8|172.16.0.0/12|*.172.16.0.0/12|127.0.0.1|localhost|*.localhost|local|*.local"/>
    <property name="java.class.version" value="59.0"/>
    <property name="http.proxyPort" value="4780"/>
  </properties>
  <testcase name="contextLoads" classname="cn.scbc.servicevideouploadapi.ServiceVideoUploadApiApplicationTests" time="0.345"/>
</testsuite>